<?xml version="1.0" encoding="UTF-8"?>
<!-- Generated by org.testng.reporters.JUnitXMLReporter -->
<testsuite ignored="4" hostname="DESKTOP-0O5IM9N" failures="0" tests="3" name="EdgeTest" time="11.431" errors="0" timestamp="2024-05-06T09:00:28 IST">
  <testcase classname="util.BaseTestForCrossBrowser" name="@BeforeClass Classlevelstart" time="8.668">
    <failure type="org.openqa.selenium.SessionNotCreatedException" message="Could not start a new session. Possible causes are invalid address of the remote server or browser start-up failure. 
Host info: host: &amp;apos;DESKTOP-0O5IM9N&amp;apos;, ip: &amp;apos;192.168.189.1&amp;apos;">
      <![CDATA[org.openqa.selenium.SessionNotCreatedException: Could not start a new session. Possible causes are invalid address of the remote server or browser start-up failure. 
Host info: host: 'DESKTOP-0O5IM9N', ip: '192.168.189.1'
at org.openqa.selenium.remote.RemoteWebDriver.execute(RemoteWebDriver.java:537)
at org.openqa.selenium.remote.RemoteWebDriver.startSession(RemoteWebDriver.java:233)
at org.openqa.selenium.remote.RemoteWebDriver.<init>(RemoteWebDriver.java:162)
at org.openqa.selenium.chromium.ChromiumDriver.<init>(ChromiumDriver.java:114)
at org.openqa.selenium.edge.EdgeDriver.<init>(EdgeDriver.java:61)
at org.openqa.selenium.edge.EdgeDriver.<init>(EdgeDriver.java:57)
at org.openqa.selenium.edge.EdgeDriver.<init>(EdgeDriver.java:49)
at org.openqa.selenium.edge.EdgeDriver.<init>(EdgeDriver.java:45)
at util.BaseTestForCrossBrowser.Classlevelstart(BaseTestForCrossBrowser.java:51)
at java.base/java.util.ArrayList.forEach(ArrayList.java:1511)
Caused by: org.openqa.selenium.WebDriverException: Driver server process died prematurely.
Build info: version: '4.18.1', revision: 'b1d3319b48'
System info: os.name: 'Windows 10', os.arch: 'amd64', os.version: '10.0', java.version: '18.0.2.1'
Driver info: driver.version: EdgeDriver
at org.openqa.selenium.remote.service.DriverService.start(DriverService.java:246)
at org.openqa.selenium.remote.service.DriverCommandExecutor.execute(DriverCommandExecutor.java:117)
at org.openqa.selenium.remote.RemoteWebDriver.execute(RemoteWebDriver.java:519)
... 32 more
... Removed 23 stack frames]]>
    </failure>
  </testcase> <!-- @BeforeClass Classlevelstart -->
  <testcase classname="util.BaseTestForCrossBrowser" name="@BeforeMethod start" time="-1.714966225861E9">
    <skipped/>
  </testcase> <!-- @BeforeMethod start -->
  <testcase classname="util.BaseTestForCrossBrowser" name="@AfterMethod end" time="-1.714966225886E9">
    <skipped/>
  </testcase> <!-- @AfterMethod end -->
  <testcase classname="util.BaseTestForCrossBrowser" name="@AfterClass ClassLevelEnded" time="-1.71496622589E9">
    <skipped/>
  </testcase> <!-- @AfterClass ClassLevelEnded -->
  <testcase classname="util.BaseTestForCrossBrowser" name="@BeforeClass Classlevelstart" time="1.109">
    <failure type="org.openqa.selenium.SessionNotCreatedException" message="Could not start a new session. Possible causes are invalid address of the remote server or browser start-up failure. 
Host info: host: &amp;apos;DESKTOP-0O5IM9N&amp;apos;, ip: &amp;apos;192.168.189.1&amp;apos;">
      <![CDATA[org.openqa.selenium.SessionNotCreatedException: Could not start a new session. Possible causes are invalid address of the remote server or browser start-up failure. 
Host info: host: 'DESKTOP-0O5IM9N', ip: '192.168.189.1'
at org.openqa.selenium.remote.RemoteWebDriver.execute(RemoteWebDriver.java:537)
at org.openqa.selenium.remote.RemoteWebDriver.startSession(RemoteWebDriver.java:233)
at org.openqa.selenium.remote.RemoteWebDriver.<init>(RemoteWebDriver.java:162)
at org.openqa.selenium.chromium.ChromiumDriver.<init>(ChromiumDriver.java:114)
at org.openqa.selenium.edge.EdgeDriver.<init>(EdgeDriver.java:61)
at org.openqa.selenium.edge.EdgeDriver.<init>(EdgeDriver.java:57)
at org.openqa.selenium.edge.EdgeDriver.<init>(EdgeDriver.java:49)
at org.openqa.selenium.edge.EdgeDriver.<init>(EdgeDriver.java:45)
at util.BaseTestForCrossBrowser.Classlevelstart(BaseTestForCrossBrowser.java:51)
at java.base/java.util.ArrayList.forEach(ArrayList.java:1511)
Caused by: org.openqa.selenium.WebDriverException: Driver server process died prematurely.
Build info: version: '4.18.1', revision: 'b1d3319b48'
System info: os.name: 'Windows 10', os.arch: 'amd64', os.version: '10.0', java.version: '18.0.2.1'
Driver info: driver.version: EdgeDriver
at org.openqa.selenium.remote.service.DriverService.start(DriverService.java:246)
at org.openqa.selenium.remote.service.DriverCommandExecutor.execute(DriverCommandExecutor.java:117)
at org.openqa.selenium.remote.RemoteWebDriver.execute(RemoteWebDriver.java:519)
... 32 more
... Removed 23 stack frames]]>
    </failure>
  </testcase> <!-- @BeforeClass Classlevelstart -->
  <testcase classname="util.BaseTestForCrossBrowser" name="@BeforeMethod start" time="-1.71496622701E9">
    <skipped/>
  </testcase> <!-- @BeforeMethod start -->
  <testcase classname="util.BaseTestForCrossBrowser" name="@AfterMethod end" time="-1.714966227048E9">
    <skipped/>
  </testcase> <!-- @AfterMethod end -->
  <testcase classname="util.BaseTestForCrossBrowser" name="@AfterClass ClassLevelEnded" time="-1.714966227064E9">
    <skipped/>
  </testcase> <!-- @AfterClass ClassLevelEnded -->
  <testcase classname="util.BaseTestForCrossBrowser" name="@BeforeClass Classlevelstart" time="1.457">
    <failure type="org.openqa.selenium.SessionNotCreatedException" message="Could not start a new session. Possible causes are invalid address of the remote server or browser start-up failure. 
Host info: host: &amp;apos;DESKTOP-0O5IM9N&amp;apos;, ip: &amp;apos;192.168.189.1&amp;apos;">
      <![CDATA[org.openqa.selenium.SessionNotCreatedException: Could not start a new session. Possible causes are invalid address of the remote server or browser start-up failure. 
Host info: host: 'DESKTOP-0O5IM9N', ip: '192.168.189.1'
at org.openqa.selenium.remote.RemoteWebDriver.execute(RemoteWebDriver.java:537)
at org.openqa.selenium.remote.RemoteWebDriver.startSession(RemoteWebDriver.java:233)
at org.openqa.selenium.remote.RemoteWebDriver.<init>(RemoteWebDriver.java:162)
at org.openqa.selenium.chromium.ChromiumDriver.<init>(ChromiumDriver.java:114)
at org.openqa.selenium.edge.EdgeDriver.<init>(EdgeDriver.java:61)
at org.openqa.selenium.edge.EdgeDriver.<init>(EdgeDriver.java:57)
at org.openqa.selenium.edge.EdgeDriver.<init>(EdgeDriver.java:49)
at org.openqa.selenium.edge.EdgeDriver.<init>(EdgeDriver.java:45)
at util.BaseTestForCrossBrowser.Classlevelstart(BaseTestForCrossBrowser.java:51)
at java.base/java.util.ArrayList.forEach(ArrayList.java:1511)
Caused by: org.openqa.selenium.WebDriverException: Driver server process died prematurely.
Build info: version: '4.18.1', revision: 'b1d3319b48'
System info: os.name: 'Windows 10', os.arch: 'amd64', os.version: '10.0', java.version: '18.0.2.1'
Driver info: driver.version: EdgeDriver
at org.openqa.selenium.remote.service.DriverService.start(DriverService.java:246)
at org.openqa.selenium.remote.service.DriverCommandExecutor.execute(DriverCommandExecutor.java:117)
at org.openqa.selenium.remote.RemoteWebDriver.execute(RemoteWebDriver.java:519)
... 32 more
... Removed 23 stack frames]]>
    </failure>
  </testcase> <!-- @BeforeClass Classlevelstart -->
  <testcase classname="util.BaseTestForCrossBrowser" name="@BeforeMethod start" time="-1.714966228571E9">
    <skipped/>
  </testcase> <!-- @BeforeMethod start -->
  <testcase classname="util.BaseTestForCrossBrowser" name="@AfterMethod end" time="-1.714966228581E9">
    <skipped/>
  </testcase> <!-- @AfterMethod end -->
  <testcase classname="util.BaseTestForCrossBrowser" name="@AfterClass ClassLevelEnded" time="-1.714966228586E9">
    <skipped/>
  </testcase> <!-- @AfterClass ClassLevelEnded -->
  <testcase classname="TestNG_test.ActitimeLoginAndLogout" name="actitimeLoginOut" time="0.0">
    <skipped/>
  </testcase> <!-- actitimeLoginOut -->
  <testcase classname="TestNG_test.creatTypeOfWork" name="CreatTypeOfWork" time="0.0">
    <skipped/>
  </testcase> <!-- CreatTypeOfWork -->
  <testcase classname="TestNG_test.deleteTypeOfwork" name="DeleteTypeOfwork" time="0.0">
    <skipped/>
  </testcase> <!-- DeleteTypeOfwork -->
  <testcase classname="util.BaseTestForCrossBrowser" name="@BeforeTest TestLevelStarted" time="0.0">
    <ignored/>
  </testcase> <!-- @BeforeTest TestLevelStarted -->
  <testcase classname="util.BaseTestForCrossBrowser" name="@BeforeTest TestLevelStarted" time="0.0">
    <ignored/>
  </testcase> <!-- @BeforeTest TestLevelStarted -->
  <testcase classname="util.BaseTestForCrossBrowser" name="@AfterTest TestLevelEnded" time="0.0">
    <ignored/>
  </testcase> <!-- @AfterTest TestLevelEnded -->
  <testcase classname="util.BaseTestForCrossBrowser" name="@AfterTest TestLevelEnded" time="0.0">
    <ignored/>
  </testcase> <!-- @AfterTest TestLevelEnded -->
</testsuite> <!-- EdgeTest -->
