<?xml version="1.0" encoding="UTF-8"?>
<!-- Generated by org.testng.reporters.JUnitXMLReporter -->
<testsuite ignored="4" hostname="DESKTOP-0O5IM9N" failures="0" tests="3" name="FirefoxTest" time="90.188" errors="0" timestamp="2024-05-06T09:01:58 IST">
  <testcase classname="util.BaseTestForCrossBrowser" name="@BeforeClass Classlevelstart" time="73.165">
    <failure type="org.openqa.selenium.SessionNotCreatedException" message="Could not start a new session. Response code 500. Message: Failed to read marionette port 
Host info: host: &amp;apos;DESKTOP-0O5IM9N&amp;apos;, ip: &amp;apos;192.168.189.1&amp;apos;
Build info: version: &amp;apos;4.18.1&amp;apos;, revision: &amp;apos;b1d3319b48&amp;apos;
System info: os.name: &amp;apos;Windows 10&amp;apos;, os.arch: &amp;apos;amd64&amp;apos;, os.version: &amp;apos;10.0&amp;apos;, java.version: &amp;apos;18.0.2.1&amp;apos;
Driver info: org.openqa.selenium.firefox.FirefoxDriver
Command: [null, newSession {capabilities=[Capabilities {acceptInsecureCerts: true, browserName: firefox, moz:debuggerAddress: true, moz:firefoxOptions: {binary: C:\Program Files\Mozilla Fi...}}]}]">
      <![CDATA[org.openqa.selenium.SessionNotCreatedException: Could not start a new session. Response code 500. Message: Failed to read marionette port 
Host info: host: 'DESKTOP-0O5IM9N', ip: '192.168.189.1'
Build info: version: '4.18.1', revision: 'b1d3319b48'
System info: os.name: 'Windows 10', os.arch: 'amd64', os.version: '10.0', java.version: '18.0.2.1'
Driver info: org.openqa.selenium.firefox.FirefoxDriver
Command: [null, newSession {capabilities=[Capabilities {acceptInsecureCerts: true, browserName: firefox, moz:debuggerAddress: true, moz:firefoxOptions: {binary: C:\Program Files\Mozilla Fi...}}]}]
at org.openqa.selenium.remote.ProtocolHandshake.createSession(ProtocolHandshake.java:139)
at org.openqa.selenium.remote.ProtocolHandshake.createSession(ProtocolHandshake.java:95)
at org.openqa.selenium.remote.ProtocolHandshake.createSession(ProtocolHandshake.java:67)
at org.openqa.selenium.remote.HttpCommandExecutor.execute(HttpCommandExecutor.java:162)
at org.openqa.selenium.remote.service.DriverCommandExecutor.invokeExecute(DriverCommandExecutor.java:216)
at org.openqa.selenium.remote.service.DriverCommandExecutor.execute(DriverCommandExecutor.java:174)
at org.openqa.selenium.remote.RemoteWebDriver.execute(RemoteWebDriver.java:519)
at org.openqa.selenium.remote.RemoteWebDriver.startSession(RemoteWebDriver.java:233)
at org.openqa.selenium.remote.RemoteWebDriver.<init>(RemoteWebDriver.java:162)
at org.openqa.selenium.firefox.FirefoxDriver.<init>(FirefoxDriver.java:155)
at org.openqa.selenium.firefox.FirefoxDriver.<init>(FirefoxDriver.java:150)
at org.openqa.selenium.firefox.FirefoxDriver.<init>(FirefoxDriver.java:133)
at org.openqa.selenium.firefox.FirefoxDriver.<init>(FirefoxDriver.java:128)
at org.openqa.selenium.firefox.FirefoxDriver.<init>(FirefoxDriver.java:113)
at org.openqa.selenium.firefox.FirefoxDriver.<init>(FirefoxDriver.java:103)
at util.BaseTestForCrossBrowser.Classlevelstart(BaseTestForCrossBrowser.java:44)
at java.base/java.util.ArrayList.forEach(ArrayList.java:1511)
... Removed 23 stack frames]]>
    </failure>
  </testcase> <!-- @BeforeClass Classlevelstart -->
  <testcase classname="util.BaseTestForCrossBrowser" name="@BeforeMethod start" time="-1.714966301939E9">
    <skipped/>
  </testcase> <!-- @BeforeMethod start -->
  <testcase classname="util.BaseTestForCrossBrowser" name="@AfterMethod end" time="-1.714966301943E9">
    <skipped/>
  </testcase> <!-- @AfterMethod end -->
  <testcase classname="util.BaseTestForCrossBrowser" name="@AfterClass ClassLevelEnded" time="-1.714966301945E9">
    <skipped/>
  </testcase> <!-- @AfterClass ClassLevelEnded -->
  <testcase classname="util.BaseTestForCrossBrowser" name="@BeforeClass Classlevelstart" time="8.667">
    <failure type="org.openqa.selenium.SessionNotCreatedException" message="Could not start a new session. Response code 500. Message: Process unexpectedly closed with status 0 
Host info: host: &amp;apos;DESKTOP-0O5IM9N&amp;apos;, ip: &amp;apos;192.168.189.1&amp;apos;
Build info: version: &amp;apos;4.18.1&amp;apos;, revision: &amp;apos;b1d3319b48&amp;apos;
System info: os.name: &amp;apos;Windows 10&amp;apos;, os.arch: &amp;apos;amd64&amp;apos;, os.version: &amp;apos;10.0&amp;apos;, java.version: &amp;apos;18.0.2.1&amp;apos;
Driver info: org.openqa.selenium.firefox.FirefoxDriver
Command: [null, newSession {capabilities=[Capabilities {acceptInsecureCerts: true, browserName: firefox, moz:debuggerAddress: true, moz:firefoxOptions: {binary: C:\Program Files\Mozilla Fi...}}]}]">
      <![CDATA[org.openqa.selenium.SessionNotCreatedException: Could not start a new session. Response code 500. Message: Process unexpectedly closed with status 0 
Host info: host: 'DESKTOP-0O5IM9N', ip: '192.168.189.1'
Build info: version: '4.18.1', revision: 'b1d3319b48'
System info: os.name: 'Windows 10', os.arch: 'amd64', os.version: '10.0', java.version: '18.0.2.1'
Driver info: org.openqa.selenium.firefox.FirefoxDriver
Command: [null, newSession {capabilities=[Capabilities {acceptInsecureCerts: true, browserName: firefox, moz:debuggerAddress: true, moz:firefoxOptions: {binary: C:\Program Files\Mozilla Fi...}}]}]
at org.openqa.selenium.remote.ProtocolHandshake.createSession(ProtocolHandshake.java:139)
at org.openqa.selenium.remote.ProtocolHandshake.createSession(ProtocolHandshake.java:95)
at org.openqa.selenium.remote.ProtocolHandshake.createSession(ProtocolHandshake.java:67)
at org.openqa.selenium.remote.HttpCommandExecutor.execute(HttpCommandExecutor.java:162)
at org.openqa.selenium.remote.service.DriverCommandExecutor.invokeExecute(DriverCommandExecutor.java:216)
at org.openqa.selenium.remote.service.DriverCommandExecutor.execute(DriverCommandExecutor.java:174)
at org.openqa.selenium.remote.RemoteWebDriver.execute(RemoteWebDriver.java:519)
at org.openqa.selenium.remote.RemoteWebDriver.startSession(RemoteWebDriver.java:233)
at org.openqa.selenium.remote.RemoteWebDriver.<init>(RemoteWebDriver.java:162)
at org.openqa.selenium.firefox.FirefoxDriver.<init>(FirefoxDriver.java:155)
at org.openqa.selenium.firefox.FirefoxDriver.<init>(FirefoxDriver.java:150)
at org.openqa.selenium.firefox.FirefoxDriver.<init>(FirefoxDriver.java:133)
at org.openqa.selenium.firefox.FirefoxDriver.<init>(FirefoxDriver.java:128)
at org.openqa.selenium.firefox.FirefoxDriver.<init>(FirefoxDriver.java:113)
at org.openqa.selenium.firefox.FirefoxDriver.<init>(FirefoxDriver.java:103)
at util.BaseTestForCrossBrowser.Classlevelstart(BaseTestForCrossBrowser.java:44)
at java.base/java.util.ArrayList.forEach(ArrayList.java:1511)
... Removed 23 stack frames]]>
    </failure>
  </testcase> <!-- @BeforeClass Classlevelstart -->
  <testcase classname="util.BaseTestForCrossBrowser" name="@BeforeMethod start" time="-1.71496631062E9">
    <skipped/>
  </testcase> <!-- @BeforeMethod start -->
  <testcase classname="util.BaseTestForCrossBrowser" name="@AfterMethod end" time="-1.714966310626E9">
    <skipped/>
  </testcase> <!-- @AfterMethod end -->
  <testcase classname="util.BaseTestForCrossBrowser" name="@AfterClass ClassLevelEnded" time="-1.714966310629E9">
    <skipped/>
  </testcase> <!-- @AfterClass ClassLevelEnded -->
  <testcase classname="util.BaseTestForCrossBrowser" name="@BeforeClass Classlevelstart" time="8.3">
    <failure type="org.openqa.selenium.SessionNotCreatedException" message="Could not start a new session. Response code 500. Message: Process unexpectedly closed with status 0 
Host info: host: &amp;apos;DESKTOP-0O5IM9N&amp;apos;, ip: &amp;apos;192.168.189.1&amp;apos;
Build info: version: &amp;apos;4.18.1&amp;apos;, revision: &amp;apos;b1d3319b48&amp;apos;
System info: os.name: &amp;apos;Windows 10&amp;apos;, os.arch: &amp;apos;amd64&amp;apos;, os.version: &amp;apos;10.0&amp;apos;, java.version: &amp;apos;18.0.2.1&amp;apos;
Driver info: org.openqa.selenium.firefox.FirefoxDriver
Command: [null, newSession {capabilities=[Capabilities {acceptInsecureCerts: true, browserName: firefox, moz:debuggerAddress: true, moz:firefoxOptions: {binary: C:\Program Files\Mozilla Fi...}}]}]">
      <![CDATA[org.openqa.selenium.SessionNotCreatedException: Could not start a new session. Response code 500. Message: Process unexpectedly closed with status 0 
Host info: host: 'DESKTOP-0O5IM9N', ip: '192.168.189.1'
Build info: version: '4.18.1', revision: 'b1d3319b48'
System info: os.name: 'Windows 10', os.arch: 'amd64', os.version: '10.0', java.version: '18.0.2.1'
Driver info: org.openqa.selenium.firefox.FirefoxDriver
Command: [null, newSession {capabilities=[Capabilities {acceptInsecureCerts: true, browserName: firefox, moz:debuggerAddress: true, moz:firefoxOptions: {binary: C:\Program Files\Mozilla Fi...}}]}]
at org.openqa.selenium.remote.ProtocolHandshake.createSession(ProtocolHandshake.java:139)
at org.openqa.selenium.remote.ProtocolHandshake.createSession(ProtocolHandshake.java:95)
at org.openqa.selenium.remote.ProtocolHandshake.createSession(ProtocolHandshake.java:67)
at org.openqa.selenium.remote.HttpCommandExecutor.execute(HttpCommandExecutor.java:162)
at org.openqa.selenium.remote.service.DriverCommandExecutor.invokeExecute(DriverCommandExecutor.java:216)
at org.openqa.selenium.remote.service.DriverCommandExecutor.execute(DriverCommandExecutor.java:174)
at org.openqa.selenium.remote.RemoteWebDriver.execute(RemoteWebDriver.java:519)
at org.openqa.selenium.remote.RemoteWebDriver.startSession(RemoteWebDriver.java:233)
at org.openqa.selenium.remote.RemoteWebDriver.<init>(RemoteWebDriver.java:162)
at org.openqa.selenium.firefox.FirefoxDriver.<init>(FirefoxDriver.java:155)
at org.openqa.selenium.firefox.FirefoxDriver.<init>(FirefoxDriver.java:150)
at org.openqa.selenium.firefox.FirefoxDriver.<init>(FirefoxDriver.java:133)
at org.openqa.selenium.firefox.FirefoxDriver.<init>(FirefoxDriver.java:128)
at org.openqa.selenium.firefox.FirefoxDriver.<init>(FirefoxDriver.java:113)
at org.openqa.selenium.firefox.FirefoxDriver.<init>(FirefoxDriver.java:103)
at util.BaseTestForCrossBrowser.Classlevelstart(BaseTestForCrossBrowser.java:44)
at java.base/java.util.ArrayList.forEach(ArrayList.java:1511)
... Removed 23 stack frames]]>
    </failure>
  </testcase> <!-- @BeforeClass Classlevelstart -->
  <testcase classname="util.BaseTestForCrossBrowser" name="@BeforeMethod start" time="-1.714966318937E9">
    <skipped/>
  </testcase> <!-- @BeforeMethod start -->
  <testcase classname="util.BaseTestForCrossBrowser" name="@AfterMethod end" time="-1.714966318942E9">
    <skipped/>
  </testcase> <!-- @AfterMethod end -->
  <testcase classname="util.BaseTestForCrossBrowser" name="@AfterClass ClassLevelEnded" time="-1.714966318944E9">
    <skipped/>
  </testcase> <!-- @AfterClass ClassLevelEnded -->
  <testcase classname="TestNG_test.ActitimeLoginAndLogout" name="actitimeLoginOut" time="0.0">
    <skipped/>
  </testcase> <!-- actitimeLoginOut -->
  <testcase classname="TestNG_test.creatTypeOfWork" name="CreatTypeOfWork" time="0.0">
    <skipped/>
  </testcase> <!-- CreatTypeOfWork -->
  <testcase classname="TestNG_test.deleteTypeOfwork" name="DeleteTypeOfwork" time="0.0">
    <skipped/>
  </testcase> <!-- DeleteTypeOfwork -->
  <testcase classname="util.BaseTestForCrossBrowser" name="@BeforeTest TestLevelStarted" time="0.0">
    <ignored/>
  </testcase> <!-- @BeforeTest TestLevelStarted -->
  <testcase classname="util.BaseTestForCrossBrowser" name="@BeforeTest TestLevelStarted" time="0.0">
    <ignored/>
  </testcase> <!-- @BeforeTest TestLevelStarted -->
  <testcase classname="util.BaseTestForCrossBrowser" name="@AfterTest TestLevelEnded" time="0.0">
    <ignored/>
  </testcase> <!-- @AfterTest TestLevelEnded -->
  <testcase classname="util.BaseTestForCrossBrowser" name="@AfterTest TestLevelEnded" time="0.0">
    <ignored/>
  </testcase> <!-- @AfterTest TestLevelEnded -->
</testsuite> <!-- FirefoxTest -->
